<?xml version="1.0" encoding="UTF-8"?>
<!-- Generated by org.testng.reporters.JUnitXMLReporter -->
<testsuite ignored="0" hostname="chenyuhuide-MacBook-Pro.local" failures="2" tests="2" name="Test createemptybuilding" time="52.697" errors="0" timestamp="25 10月 2018 06:26:18 GMT">
  <testcase classname="com.vrmaker.signintest.TestNG_createemptybuilding" name="createEmptyBuilding" time="26.416">
    <failure type="org.openqa.selenium.WebDriverException" message="An unknown server-side error occurred while processing the command. Original error: Could not proxy command to remote server. Original error: Error: read ECONNRESET
Build info: version: &amp;apos;3.14.0&amp;apos;, revision: &amp;apos;aacccce0&amp;apos;, time: &amp;apos;2018-08-02T20:13:22.693Z&amp;apos;
System info: host: &amp;apos;chenyuhuide-MacBook-Pro.local&amp;apos;, ip: &amp;apos;fe80:0:0:0:18ac:9bfc:2cff:5ac9%en0&amp;apos;, os.name: &amp;apos;Mac OS X&amp;apos;, os.arch: &amp;apos;x86_64&amp;apos;, os.version: &amp;apos;10.13.6&amp;apos;, java.version: &amp;apos;10.0.1&amp;apos;
Driver info: io.appium.java_client.android.AndroidDriver
Capabilities {app: /Users/joyshen/Desktop/vrma..., appActivity: com.iStaging.vrcameraphone...., appPackage: com.iStaging.vrcameraphone, autoGrantPermissions: true, automationName: uiautomator2, databaseEnabled: false, desired: {app: /Users/joyshen/Desktop/vrma..., appActivity: com.iStaging.vrcameraphone...., appPackage: com.iStaging.vrcameraphone, autoGrantPermissions: true, automationName: uiautomator2, deviceName: emulator-5554, platformName: android, platformVersion: 7.1.1, resetKeyboard: true, unicodeKeyboard: true}, deviceApiLevel: 25, deviceManufacturer: Google, deviceModel: Android SDK built for x86, deviceName: emulator-5554, deviceScreenDensity: 560, deviceScreenSize: 1440x2560, deviceUDID: emulator-5554, javascriptEnabled: true, locationContextEnabled: false, networkConnectionEnabled: true, pixelRatio: 3.5, platform: LINUX, platformName: Android, platformVersion: 7.1.1, resetKeyboard: true, statBarHeight: 84, takesScreenshot: true, unicodeKeyboard: true, viewportRect: {height: 2308, left: 0, top: 84, width: 1440}, warnings: {}, webStorageEnabled: false}
Session ID: 0ecf6239-7fa9-4f72-b293-6a9f8647b747
*** Element info: {Using=id, value=com.iStaging.vrcameraphone:id/textView12}">
      <![CDATA[org.openqa.selenium.WebDriverException: An unknown server-side error occurred while processing the command. Original error: Could not proxy command to remote server. Original error: Error: read ECONNRESET
Build info: version: '3.14.0', revision: 'aacccce0', time: '2018-08-02T20:13:22.693Z'
System info: host: 'chenyuhuide-MacBook-Pro.local', ip: 'fe80:0:0:0:18ac:9bfc:2cff:5ac9%en0', os.name: 'Mac OS X', os.arch: 'x86_64', os.version: '10.13.6', java.version: '10.0.1'
Driver info: io.appium.java_client.android.AndroidDriver
Capabilities {app: /Users/joyshen/Desktop/vrma..., appActivity: com.iStaging.vrcameraphone...., appPackage: com.iStaging.vrcameraphone, autoGrantPermissions: true, automationName: uiautomator2, databaseEnabled: false, desired: {app: /Users/joyshen/Desktop/vrma..., appActivity: com.iStaging.vrcameraphone...., appPackage: com.iStaging.vrcameraphone, autoGrantPermissions: true, automationName: uiautomator2, deviceName: emulator-5554, platformName: android, platformVersion: 7.1.1, resetKeyboard: true, unicodeKeyboard: true}, deviceApiLevel: 25, deviceManufacturer: Google, deviceModel: Android SDK built for x86, deviceName: emulator-5554, deviceScreenDensity: 560, deviceScreenSize: 1440x2560, deviceUDID: emulator-5554, javascriptEnabled: true, locationContextEnabled: false, networkConnectionEnabled: true, pixelRatio: 3.5, platform: LINUX, platformName: Android, platformVersion: 7.1.1, resetKeyboard: true, statBarHeight: 84, takesScreenshot: true, unicodeKeyboard: true, viewportRect: {height: 2308, left: 0, top: 84, width: 1440}, warnings: {}, webStorageEnabled: false}
Session ID: 0ecf6239-7fa9-4f72-b293-6a9f8647b747
*** Element info: {Using=id, value=com.iStaging.vrcameraphone:id/textView12}
at org.openqa.selenium.remote.http.W3CHttpResponseCodec.createException(W3CHttpResponseCodec.java:187)
at org.openqa.selenium.remote.http.W3CHttpResponseCodec.decode(W3CHttpResponseCodec.java:122)
at org.openqa.selenium.remote.http.W3CHttpResponseCodec.decode(W3CHttpResponseCodec.java:49)
at org.openqa.selenium.remote.HttpCommandExecutor.execute(HttpCommandExecutor.java:158)
at io.appium.java_client.remote.AppiumCommandExecutor.execute(AppiumCommandExecutor.java:231)
at org.openqa.selenium.remote.RemoteWebDriver.execute(RemoteWebDriver.java:548)
at io.appium.java_client.DefaultGenericMobileDriver.execute(DefaultGenericMobileDriver.java:42)
at io.appium.java_client.AppiumDriver.execute(AppiumDriver.java:1)
at io.appium.java_client.android.AndroidDriver.execute(AndroidDriver.java:1)
at org.openqa.selenium.remote.RemoteWebDriver.findElements(RemoteWebDriver.java:349)
at io.appium.java_client.DefaultGenericMobileDriver.findElements(DefaultGenericMobileDriver.java:54)
at io.appium.java_client.AppiumDriver.findElements(AppiumDriver.java:152)
at org.openqa.selenium.remote.RemoteWebDriver.findElementsById(RemoteWebDriver.java:372)
at io.appium.java_client.DefaultGenericMobileDriver.findElementsById(DefaultGenericMobileDriver.java:66)
at io.appium.java_client.AppiumDriver.findElementsById(AppiumDriver.java:156)
at org.openqa.selenium.By$ById.findElements(By.java:180)
at org.openqa.selenium.remote.RemoteWebDriver.findElements(RemoteWebDriver.java:310)
at io.appium.java_client.DefaultGenericMobileDriver.findElements(DefaultGenericMobileDriver.java:50)
at io.appium.java_client.AppiumDriver.findElements(AppiumDriver.java:148)
at org.openqa.selenium.support.ui.ExpectedConditions.findElement(ExpectedConditions.java:895)
at org.openqa.selenium.support.ui.ExpectedConditions.access$000(ExpectedConditions.java:44)
at org.openqa.selenium.support.ui.ExpectedConditions$7.apply(ExpectedConditions.java:206)
at org.openqa.selenium.support.ui.ExpectedConditions$7.apply(ExpectedConditions.java:202)
at org.openqa.selenium.support.ui.FluentWait.until(FluentWait.java:260)
at com.vrmaker.signintest.TestNG_createemptybuilding.createEmptyBuilding(TestNG_createemptybuilding.java:16)
at java.base/java.util.concurrent.ThreadPoolExecutor.runWorker(ThreadPoolExecutor.java:1135)
at java.base/java.util.concurrent.ThreadPoolExecutor$Worker.run(ThreadPoolExecutor.java:635)
at java.base/java.lang.Thread.run(Thread.java:844)
... Removed 14 stack frames]]>
    </failure>
  </testcase> <!-- createEmptyBuilding -->
  <testcase classname="com.vrmaker.signintest.TestNG_loginbyemail" name="VRmakerLoginTest" time="0.186">
    <failure type="org.openqa.selenium.WebDriverException" message="An unknown server-side error occurred while processing the command. Original error: Could not proxy command to remote server. Original error: Error: read ECONNRESET
Build info: version: &amp;apos;3.14.0&amp;apos;, revision: &amp;apos;aacccce0&amp;apos;, time: &amp;apos;2018-08-02T20:13:22.693Z&amp;apos;
System info: host: &amp;apos;chenyuhuide-MacBook-Pro.local&amp;apos;, ip: &amp;apos;fe80:0:0:0:18ac:9bfc:2cff:5ac9%en0&amp;apos;, os.name: &amp;apos;Mac OS X&amp;apos;, os.arch: &amp;apos;x86_64&amp;apos;, os.version: &amp;apos;10.13.6&amp;apos;, java.version: &amp;apos;10.0.1&amp;apos;
Driver info: io.appium.java_client.android.AndroidDriver
Capabilities {app: /Users/joyshen/Desktop/vrma..., appActivity: com.iStaging.vrcameraphone...., appPackage: com.iStaging.vrcameraphone, autoGrantPermissions: true, automationName: uiautomator2, databaseEnabled: false, desired: {app: /Users/joyshen/Desktop/vrma..., appActivity: com.iStaging.vrcameraphone...., appPackage: com.iStaging.vrcameraphone, autoGrantPermissions: true, automationName: uiautomator2, deviceName: emulator-5554, platformName: android, platformVersion: 7.1.1, resetKeyboard: true, unicodeKeyboard: true}, deviceApiLevel: 25, deviceManufacturer: Google, deviceModel: Android SDK built for x86, deviceName: emulator-5554, deviceScreenDensity: 560, deviceScreenSize: 1440x2560, deviceUDID: emulator-5554, javascriptEnabled: true, locationContextEnabled: false, networkConnectionEnabled: true, pixelRatio: 3.5, platform: LINUX, platformName: Android, platformVersion: 7.1.1, resetKeyboard: true, statBarHeight: 84, takesScreenshot: true, unicodeKeyboard: true, viewportRect: {height: 2308, left: 0, top: 84, width: 1440}, warnings: {}, webStorageEnabled: false}
Session ID: 0ecf6239-7fa9-4f72-b293-6a9f8647b747
*** Element info: {Using=-android uiautomator, value=new UiSelector().resourceIdMatches(&amp;quot;com.iStaging.vrcameraphone:id/textView&amp;quot;)}">
      <![CDATA[org.openqa.selenium.WebDriverException: An unknown server-side error occurred while processing the command. Original error: Could not proxy command to remote server. Original error: Error: read ECONNRESET
Build info: version: '3.14.0', revision: 'aacccce0', time: '2018-08-02T20:13:22.693Z'
System info: host: 'chenyuhuide-MacBook-Pro.local', ip: 'fe80:0:0:0:18ac:9bfc:2cff:5ac9%en0', os.name: 'Mac OS X', os.arch: 'x86_64', os.version: '10.13.6', java.version: '10.0.1'
Driver info: io.appium.java_client.android.AndroidDriver
Capabilities {app: /Users/joyshen/Desktop/vrma..., appActivity: com.iStaging.vrcameraphone...., appPackage: com.iStaging.vrcameraphone, autoGrantPermissions: true, automationName: uiautomator2, databaseEnabled: false, desired: {app: /Users/joyshen/Desktop/vrma..., appActivity: com.iStaging.vrcameraphone...., appPackage: com.iStaging.vrcameraphone, autoGrantPermissions: true, automationName: uiautomator2, deviceName: emulator-5554, platformName: android, platformVersion: 7.1.1, resetKeyboard: true, unicodeKeyboard: true}, deviceApiLevel: 25, deviceManufacturer: Google, deviceModel: Android SDK built for x86, deviceName: emulator-5554, deviceScreenDensity: 560, deviceScreenSize: 1440x2560, deviceUDID: emulator-5554, javascriptEnabled: true, locationContextEnabled: false, networkConnectionEnabled: true, pixelRatio: 3.5, platform: LINUX, platformName: Android, platformVersion: 7.1.1, resetKeyboard: true, statBarHeight: 84, takesScreenshot: true, unicodeKeyboard: true, viewportRect: {height: 2308, left: 0, top: 84, width: 1440}, warnings: {}, webStorageEnabled: false}
Session ID: 0ecf6239-7fa9-4f72-b293-6a9f8647b747
*** Element info: {Using=-android uiautomator, value=new UiSelector().resourceIdMatches("com.iStaging.vrcameraphone:id/textView")}
at org.openqa.selenium.remote.http.W3CHttpResponseCodec.createException(W3CHttpResponseCodec.java:187)
at org.openqa.selenium.remote.http.W3CHttpResponseCodec.decode(W3CHttpResponseCodec.java:122)
at org.openqa.selenium.remote.http.W3CHttpResponseCodec.decode(W3CHttpResponseCodec.java:49)
at org.openqa.selenium.remote.HttpCommandExecutor.execute(HttpCommandExecutor.java:158)
at io.appium.java_client.remote.AppiumCommandExecutor.execute(AppiumCommandExecutor.java:231)
at org.openqa.selenium.remote.RemoteWebDriver.execute(RemoteWebDriver.java:548)
at io.appium.java_client.DefaultGenericMobileDriver.execute(DefaultGenericMobileDriver.java:42)
at io.appium.java_client.AppiumDriver.execute(AppiumDriver.java:1)
at io.appium.java_client.android.AndroidDriver.execute(AndroidDriver.java:1)
at org.openqa.selenium.remote.RemoteWebDriver.findElement(RemoteWebDriver.java:322)
at io.appium.java_client.DefaultGenericMobileDriver.findElement(DefaultGenericMobileDriver.java:62)
at io.appium.java_client.AppiumDriver.findElement(AppiumDriver.java:1)
at io.appium.java_client.android.AndroidDriver.findElement(AndroidDriver.java:1)
at io.appium.java_client.FindsByAndroidUIAutomator.findElementByAndroidUIAutomator(FindsByAndroidUIAutomator.java:38)
at io.appium.java_client.MobileBy$ByAndroidUIAutomator.findElement(MobileBy.java:236)
at org.openqa.selenium.remote.RemoteWebDriver.findElement(RemoteWebDriver.java:314)
at io.appium.java_client.DefaultGenericMobileDriver.findElement(DefaultGenericMobileDriver.java:58)
at io.appium.java_client.AppiumDriver.findElement(AppiumDriver.java:1)
at io.appium.java_client.android.AndroidDriver.findElement(AndroidDriver.java:1)
at com.vrmaker.signintest.TestNG_loginbyemail.VRmakerLoginTest(TestNG_loginbyemail.java:77)
at java.base/java.util.concurrent.ThreadPoolExecutor.runWorker(ThreadPoolExecutor.java:1135)
at java.base/java.util.concurrent.ThreadPoolExecutor$Worker.run(ThreadPoolExecutor.java:635)
at java.base/java.lang.Thread.run(Thread.java:844)
... Removed 14 stack frames]]>
    </failure>
  </testcase> <!-- VRmakerLoginTest -->
</testsuite> <!-- Test createemptybuilding -->
