<?xml version="1.0" encoding="UTF-8"?>
<!-- Generated by org.testng.reporters.JUnitReportReporter -->
<testsuite hostname="chenyuhuide-MacBook-Pro.local" failures="0" tests="2" name="com.vrmaker.signintest.Main" time="13.596" errors="0" timestamp="25 10月 2018 08:04:24 GMT" skipped="0">
  <testcase classname="com.vrmaker.signintest.Main" name="testCase1" time="7.039"/>
  <testcase classname="com.vrmaker.signintest.Main" name="testCase2" time="6.557"/>
</testsuite> <!-- com.vrmaker.signintest.Main -->
