<?xml version="1.0" encoding="UTF-8"?>
<!-- Generated by org.testng.reporters.JUnitReportReporter -->
<testsuite hostname="chenyuhuide-MacBook-Pro.local" failures="0" tests="2" name="testSuites.ProfilePageTest" time="32.636" errors="0" timestamp="15 1月 2019 03:34:31 GMT" skipped="0">
  <testcase classname="testSuites.ProfilePageTest" name="loginTest" time="4.839"/>
  <testcase classname="testSuites.ProfilePageTest" name="upgradeTest" time="27.797"/>
</testsuite> <!-- testSuites.ProfilePageTest -->
