<?xml version="1.0" encoding="UTF-8"?>
<!-- Generated by org.testng.reporters.JUnitReportReporter -->
<testsuite hostname="chenyuhuide-MacBook-Pro.local" failures="0" tests="3" name="com.vrmaker.signintest.TestNG_loginbyemail" time="21.316" errors="0" timestamp="25 10月 2018 07:54:30 GMT" skipped="0">
  <testcase classname="com.vrmaker.signintest.TestNG_loginbyemail" name="VRmakerLoginTest" time="21.308"/>
  <testcase classname="com.vrmaker.signintest.TestNG_loginbyemail" name="testCase2" time="0.004"/>
  <testcase classname="com.vrmaker.signintest.TestNG_loginbyemail" name="testCase1" time="0.004"/>
</testsuite> <!-- com.vrmaker.signintest.TestNG_loginbyemail -->
